mode: set
actiontest1/unit/unit.go:3.33,5.2 1 0
actiontest1/unit/unit.go:7.33,9.2 1 0
actiontest1/unit/unit2.go:3.34,5.2 1 0
actiontest1/unit/unit2.go:7.34,9.2 1 0
actiontest1/main.go:5.28,7.2 1 1
actiontest1/main.go:9.33,11.2 1 0
actiontest1/main.go:13.29,15.2 1 0
actiontest1/main.go:17.36,19.2 1 0
actiontest1/main.go:23.33,25.2 1 0
actiontest1/main.go:27.26,29.2 1 0
actiontest1/main.go:31.13,36.2 2 0
actiontest1/lib/testlib.go:3.32,5.2 1 0
actiontest1/lib/testlib.go:7.32,9.2 1 1
actiontest1/unit/unit2.go:3.34,5.2 1 0
actiontest1/unit/unit2.go:7.34,9.2 1 0
actiontest1/main.go:5.28,7.2 1 0
actiontest1/main.go:9.33,11.2 1 0
actiontest1/main.go:13.29,15.2 1 0
actiontest1/main.go:17.36,19.2 1 0
actiontest1/main.go:23.33,25.2 1 0
actiontest1/main.go:27.26,29.2 1 0
actiontest1/main.go:31.13,36.2 2 0
actiontest1/lib/testlib.go:3.32,5.2 1 1
actiontest1/lib/testlib.go:7.32,9.2 1 1
actiontest1/unit/unit.go:3.33,5.2 1 0
actiontest1/unit/unit.go:7.33,9.2 1 0
